2025-11-26 12:50:22,773 - src.binance_API - INFO - kLineStream() connection configuration: stream_url=wss://stream.binance.com:9443, reconnect_delay=6,  unit=None,  mode=WebsocketMode.SINGLE,  pool_size=1,  https_agent=None, 
2025-11-26 12:50:22,773 - src.binance_API - INFO - kLineStream() Starts the event loop
2025-11-26 12:50:22,773 - src.binance_API - INFO - websocetManage() Starts the event loop
2025-11-26 12:50:22,774 - src.binance_API - INFO - websocetManage() connection configuration: timeout=10000, reconnect_delay=6,  stream_url=wss://ws-api.binance.com/ws-api/v3,  unit=None,  mode=WebsocketMode.SINGLE,  pool_size=1,  https_agent=None, 
2025-11-26 12:50:23,687 - src.binance_API - INFO - kLineStream() Subscribe to stream for: BTCUSDC with interval = 15m
2025-11-26 12:50:23,687 - src.binance_API - INFO - kLineStream() Subscribe to stream for: ETHUSDC with interval = 15m
2025-11-26 12:50:23,991 - src.binance_API - ERROR - telegramSend() error: You must pass the token you received from https://t.me/Botfather!
2025-11-26 12:50:31,055 - src.binance_API - ERROR - websocetManage() Connection error: account_status() Either 'api_secret' or 'private_key' must be provided for signed requests.
2025-11-26 12:50:31,055 - src.binance_API - ERROR - fetch_userData() error error
2025-11-26 12:50:43,860 - src.binance_API - INFO - kLineStream() Unsubscribe from stream for: BTCUSDC with interval = 15m
2025-11-26 12:50:43,860 - src.binance_API - INFO - kLineStream() Unsubscribe from stream for: ETHUSDC with interval = 15m
2025-11-26 12:50:44,222 - src.binance_API - WARNING - kLineStream(): cancelling 1 pending tasks
2025-11-26 12:50:45,158 - src.binance_API - INFO - websocetManage() Disconnect cmd was recived
2025-11-26 12:50:45,158 - src.binance_API - ERROR - telegramSend() error: You must pass the token you received from https://t.me/Botfather!
2025-11-26 12:53:15,121 - src.binance_API - INFO - kLineStream() connection configuration: stream_url=wss://stream.binance.com:9443, reconnect_delay=6,  unit=None,  mode=WebsocketMode.SINGLE,  pool_size=1,  https_agent=None, 
2025-11-26 12:53:15,121 - src.binance_API - INFO - kLineStream() Starts the event loop
2025-11-26 12:53:15,122 - src.binance_API - INFO - websocetManage() Starts the event loop
2025-11-26 12:53:15,124 - src.binance_API - INFO - websocetManage() connection configuration: timeout=10000, reconnect_delay=6,  stream_url=wss://ws-api.binance.com/ws-api/v3,  unit=None,  mode=WebsocketMode.SINGLE,  pool_size=1,  https_agent=None, 
2025-11-26 12:53:16,044 - src.binance_API - INFO - kLineStream() Subscribe to stream for: BTCUSDC with interval = 15m
2025-11-26 12:53:16,044 - src.binance_API - INFO - kLineStream() Subscribe to stream for: ETHUSDC with interval = 15m
2025-11-26 12:53:16,351 - src.binance_API - ERROR - telegramSend() error: You must pass the token you received from https://t.me/Botfather!
2025-11-26 12:53:21,100 - src.binance_API - INFO - kLineStream() Unsubscribe from stream for: BTCUSDC with interval = 15m
2025-11-26 12:53:21,101 - src.binance_API - INFO - kLineStream() Unsubscribe from stream for: ETHUSDC with interval = 15m
2025-11-26 12:53:21,492 - src.binance_API - WARNING - kLineStream(): cancelling 1 pending tasks
2025-11-26 12:53:22,397 - src.binance_API - INFO - websocetManage() Disconnect cmd was recived
2025-11-26 12:53:22,397 - src.binance_API - ERROR - telegramSend() error: You must pass the token you received from https://t.me/Botfather!
2025-11-26 12:58:27,546 - src.binance_API - INFO - kLineStream() connection configuration: stream_url=wss://stream.binance.com:9443, reconnect_delay=6,  unit=None,  mode=WebsocketMode.SINGLE,  pool_size=1,  https_agent=None, 
2025-11-26 12:58:27,546 - src.binance_API - INFO - kLineStream() Starts the event loop
2025-11-26 12:58:27,546 - src.binance_API - INFO - websocetManage() Starts the event loop
2025-11-26 12:58:27,547 - src.binance_API - INFO - websocetManage() connection configuration: timeout=10000, reconnect_delay=6,  stream_url=wss://ws-api.binance.com/ws-api/v3,  unit=None,  mode=WebsocketMode.SINGLE,  pool_size=1,  https_agent=None, 
2025-11-26 12:58:28,436 - src.binance_API - INFO - kLineStream() Subscribe to stream for: BTCUSDC with interval = 15m
2025-11-26 12:58:28,436 - src.binance_API - INFO - kLineStream() Subscribe to stream for: ETHUSDC with interval = 15m
2025-11-26 13:00:11,113 - src.binance_API - INFO - fetch_histData() for BTC/USDC 4h updated
2025-11-26 13:00:12,425 - src.binance_API - INFO - fetch_histData() for BTC/USDC 1d updated
2025-11-26 13:00:13,735 - src.binance_API - INFO - fetch_histData() for BTC/USDC 1w updated
2025-11-26 13:00:15,352 - src.binance_API - INFO - fetch_histData() for ETH/USDC 4h updated
2025-11-26 13:00:16,673 - src.binance_API - INFO - fetch_histData() for ETH/USDC 1d updated
