2025-11-26 12:50:22,773 - INFO - Connecting to wss://stream.binance.com:9443/stream with proxy None
2025-11-26 12:50:22,775 - INFO - Connecting to wss://ws-api.binance.com/ws-api/v3 with proxy None
2025-11-26 12:50:23,685 - INFO - Establishing Websocket connection with id 2da9435f-32ea-47db-afc3-d394e6a1fd16 to: wss://stream.binance.com:9443/stream
2025-11-26 12:50:23,686 - INFO - Subscribing to streams: ['btcusdc@kline_15m']
2025-11-26 12:50:23,687 - INFO - Subscribing to streams: ['ethusdc@kline_15m']
2025-11-26 12:50:23,990 - INFO - Establishing Websocket connection with id 2793de38-4d4c-45e2-955f-88a9057ee6b0 to: wss://ws-api.binance.com/ws-api/v3
2025-11-26 12:50:43,860 - INFO - Unsubscribed from stream: btcusdc@kline_15m
2025-11-26 12:50:43,860 - INFO - Unsubscribed from stream: ethusdc@kline_15m
2025-11-26 12:50:44,221 - INFO - WebSocket 2da9435f-32ea-47db-afc3-d394e6a1fd16 closed.
2025-11-26 12:50:45,458 - INFO - WebSocket 2793de38-4d4c-45e2-955f-88a9057ee6b0 closed.
2025-11-26 12:53:15,122 - INFO - Connecting to wss://stream.binance.com:9443/stream with proxy None
2025-11-26 12:53:15,124 - INFO - Connecting to wss://ws-api.binance.com/ws-api/v3 with proxy None
2025-11-26 12:53:16,043 - INFO - Establishing Websocket connection with id 93f8a92e-0073-4ae6-ab37-ffee4199c1be to: wss://stream.binance.com:9443/stream
2025-11-26 12:53:16,044 - INFO - Subscribing to streams: ['btcusdc@kline_15m']
2025-11-26 12:53:16,044 - INFO - Subscribing to streams: ['ethusdc@kline_15m']
2025-11-26 12:53:16,351 - INFO - Establishing Websocket connection with id d204dd43-d7ee-4eeb-9a25-95ceadd3fda6 to: wss://ws-api.binance.com/ws-api/v3
2025-11-26 12:53:21,101 - INFO - Unsubscribed from stream: btcusdc@kline_15m
2025-11-26 12:53:21,101 - INFO - Unsubscribed from stream: ethusdc@kline_15m
2025-11-26 12:53:21,492 - INFO - WebSocket 93f8a92e-0073-4ae6-ab37-ffee4199c1be closed.
2025-11-26 12:53:22,697 - INFO - WebSocket d204dd43-d7ee-4eeb-9a25-95ceadd3fda6 closed.
2025-11-26 12:58:27,546 - INFO - Connecting to wss://stream.binance.com:9443/stream with proxy None
2025-11-26 12:58:27,547 - INFO - Connecting to wss://ws-api.binance.com/ws-api/v3 with proxy None
2025-11-26 12:58:28,435 - INFO - Establishing Websocket connection with id e0597c70-9ffc-4544-9418-f4450c2e61ca to: wss://stream.binance.com:9443/stream
2025-11-26 12:58:28,436 - INFO - Subscribing to streams: ['btcusdc@kline_15m']
2025-11-26 12:58:28,436 - INFO - Subscribing to streams: ['ethusdc@kline_15m']
2025-11-26 12:58:28,738 - INFO - Establishing Websocket connection with id bce2c0dd-4d17-4584-9229-86d0ef26133a to: wss://ws-api.binance.com/ws-api/v3
2025-11-26 12:58:30,073 - INFO - HTTP Request: POST https://api.telegram.org/bot8254154206:AAEQq1svhdteNPeeCCiz8GdTI9wJWAIr5aY/sendMessage "HTTP/1.1 200 OK"
