2025-11-23 19:01:08,358 - src.strategy - INFO - New SELL order at : 2025-11-23 19:01:08 
 strategy id : 5 
 pair : BTC/USDC 
 SELL : 0.002272639982691574 BTC 
 for : 200.0 USDC 
 at price : 88003.38 
 
2025-11-23 21:18:00,722 - src.strategy - INFO - New BUY order at : 2025-11-23 21:18:00 
 strategy id : 5 
 pair : BTC/USDC 
 BUY : 0.0012047684960004963 BTC 
 for : 103.76 USDC 
 at price : 86124.43 
 
2025-11-24 06:20:58,866 - src.strategy - INFO - New BUY order at : 2025-11-24 06:20:58 
 strategy id : 5 
 pair : BTC/USDC 
 BUY : 0.0018080027876183286 BTC 
 for : 155.66 USDC 
 at price : 86095.0 
 
2025-11-24 10:45:55,522 - src.strategy - ERROR - strategyRun() error: Old price data for BTCUSDC 2025-11-24 10:42:52
2025-11-24 10:45:55,522 - src.strategy - ERROR - strategyRun() error: Old price data for ETHUSDC 2025-11-24 10:42:52
2025-11-24 10:51:15,372 - src.strategy - ERROR - strategyRun() error: Old price data for BTCUSDC 2025-11-24 10:48:14
2025-11-24 10:51:15,373 - src.strategy - ERROR - strategyRun() error: Old price data for ETHUSDC 2025-11-24 10:48:142025-11-24 11:20:59,717 - src.strategy - ERROR - Strategy error: int() can't convert non-string with explicit base

2025-11-24 13:43:40,067 - src.strategy - INFO - New SELL order at : 2025-11-24 13:43:40 
 strategy id : 5 
 pair : BTC/USDC 
 SELL : 0.0028610463052333576 BTC 
 for : 250.0 USDC 
 at price : 87380.62 
2025-11-24 17:49:33,003 - src.strategy - INFO - New SELL order at : 2025-11-24 17:49:33 
 strategy id : 5 
 pair : BTC/USDC 
 SELL : 0.0028071799085001626 BTC 
 for : 250.18 USDC 
 at price : 89121.47 
2025-11-25 05:48:12,317 - src.strategy - INFO - New BUY order at : 2025-11-25 05:48:12 
 strategy id : 5 
 pair : BTC/USDC 
 BUY : 0.001778004400036667 BTC 
 for : 155.17 USDC 
 at price : 87272.0 2025-11-25 16:31:36,539 - src.strategy - INFO - New BUY order at : 2025-11-25 16:31:36 
 strategy id : 5 
 pair : BTC/USDC 
 BUY : 0.002383736426493299 BTC 
 for : 205.43 USDC 
 at price : 86179.83 
